2023-02-11 16:05:35,830 - root INFO - Main - acquire a child logger and then log messages in the child
2023-02-11 16:05:35,830 - DiscoveryAppln DEBUG - Main: parse command line arguments
2023-02-11 16:05:35,932 - DiscoveryAppln DEBUG - Main: resetting log level to 20
2023-02-11 16:05:35,950 - DiscoveryAppln INFO - DiscoveryAppln::configure
2023-02-11 16:05:35,951 - DiscoveryAppln INFO - DiscoveryMW::configure
2023-02-11 16:05:35,951 - DiscoveryAppln INFO - DiscoveryMW::configure completed
2023-02-11 16:05:35,951 - DiscoveryAppln INFO - DiscoveryAppln::configure completed
2023-02-11 16:05:35,951 - DiscoveryAppln INFO - DiscoveryAppln::driver
2023-02-11 16:05:35,951 - DiscoveryAppln INFO - **********************************
2023-02-11 16:05:35,951 - DiscoveryAppln INFO - DiscoveryAppln::dump
2023-02-11 16:05:35,952 - DiscoveryAppln INFO - ------------------------------
2023-02-11 16:05:35,952 - DiscoveryAppln INFO -      Lookup: Centralized
2023-02-11 16:05:35,952 - DiscoveryAppln INFO -      Dissemination: Direct
2023-02-11 16:05:35,952 - DiscoveryAppln INFO -      Expected Subscribers: 10
2023-02-11 16:05:35,952 - DiscoveryAppln INFO -      Expected Publishers: 35
2023-02-11 16:05:35,952 - DiscoveryAppln INFO - **********************************
2023-02-11 16:05:35,952 - DiscoveryAppln INFO - DiscoveryMW::event_loop: start
2023-02-11 16:05:35,952 - DiscoveryAppln INFO - DiscoveryAppln::invoke_operation
2023-02-11 16:05:35,978 - DiscoveryAppln INFO - DiscoveryMW::handle_request:
2023-02-11 16:05:35,979 - DiscoveryAppln INFO - DiscoveryAppln::handle_register
2023-02-11 16:05:35,979 - DiscoveryAppln INFO - DiscoveryAppln::handle_register checking if name is unique
2023-02-11 16:05:35,979 - DiscoveryAppln INFO - DiscoveryAppln::handle_register assigning user id to info
2023-02-11 16:05:35,979 - DiscoveryAppln INFO - DiscoveryAppln::handle_register adding topics to publishers
2023-02-11 16:05:35,979 - DiscoveryAppln INFO - DiscoveryAppln::handle_register increment number of seen publishers
2023-02-11 16:05:35,979 - DiscoveryAppln INFO - DiscoveryMW::register_reply: done replying to client register request
2023-02-11 16:05:35,979 - DiscoveryAppln INFO - DiscoveryAppln::invoke_operation
2023-02-11 16:05:35,983 - DiscoveryAppln INFO - DiscoveryMW::handle_request:
2023-02-11 16:05:35,983 - DiscoveryAppln INFO -      Expected Subscribers: 10
2023-02-11 16:05:35,983 - DiscoveryAppln INFO -      Expected Publishers: 35
2023-02-11 16:05:35,983 - DiscoveryAppln INFO -      Count Subscribers: 0
2023-02-11 16:05:35,983 - DiscoveryAppln INFO -      Count Publishers: 1
2023-02-11 16:05:35,983 - DiscoveryAppln INFO - DiscoveryMW::is_ready_reply: done replying to client is_ready request
2023-02-11 16:05:36,045 - DiscoveryAppln INFO - DiscoveryMW::handle_request:
2023-02-11 16:05:36,045 - DiscoveryAppln INFO - DiscoveryAppln::handle_register
2023-02-11 16:05:36,045 - DiscoveryAppln INFO - DiscoveryAppln::handle_register checking if name is unique
2023-02-11 16:05:36,045 - DiscoveryAppln INFO - DiscoveryAppln::handle_register assigning user id to info
2023-02-11 16:05:36,045 - DiscoveryAppln INFO - DiscoveryAppln::handle_register adding topics to publishers
2023-02-11 16:05:36,045 - DiscoveryAppln INFO - DiscoveryAppln::handle_register increment number of seen publishers
2023-02-11 16:05:36,046 - DiscoveryAppln INFO - DiscoveryMW::register_reply: done replying to client register request
2023-02-11 16:05:36,046 - DiscoveryAppln INFO - DiscoveryAppln::invoke_operation
2023-02-11 16:05:36,046 - DiscoveryAppln INFO - DiscoveryMW::handle_request:
2023-02-11 16:05:36,046 - DiscoveryAppln INFO -      Expected Subscribers: 10
2023-02-11 16:05:36,046 - DiscoveryAppln INFO -      Expected Publishers: 35
2023-02-11 16:05:36,046 - DiscoveryAppln INFO -      Count Subscribers: 0
2023-02-11 16:05:36,046 - DiscoveryAppln INFO -      Count Publishers: 2
2023-02-11 16:05:36,047 - DiscoveryAppln INFO - DiscoveryMW::is_ready_reply: done replying to client is_ready request
2023-02-11 16:05:36,055 - DiscoveryAppln INFO - DiscoveryMW::handle_request:
2023-02-11 16:05:36,055 - DiscoveryAppln INFO - DiscoveryAppln::handle_register
2023-02-11 16:05:36,055 - DiscoveryAppln INFO - DiscoveryAppln::handle_register checking if name is unique
2023-02-11 16:05:36,055 - DiscoveryAppln INFO - DiscoveryAppln::handle_register assigning user id to info
2023-02-11 16:05:36,055 - DiscoveryAppln INFO - DiscoveryAppln::handle_register adding topics to publishers
2023-02-11 16:05:36,055 - DiscoveryAppln INFO - DiscoveryAppln::handle_register increment number of seen publishers
2023-02-11 16:05:36,055 - DiscoveryAppln INFO - DiscoveryMW::register_reply: done replying to client register request
2023-02-11 16:05:36,056 - DiscoveryAppln INFO - DiscoveryAppln::invoke_operation
2023-02-11 16:05:36,057 - DiscoveryAppln INFO - DiscoveryMW::handle_request:
2023-02-11 16:05:36,057 - DiscoveryAppln INFO -      Expected Subscribers: 10
2023-02-11 16:05:36,057 - DiscoveryAppln INFO -      Expected Publishers: 35
2023-02-11 16:05:36,057 - DiscoveryAppln INFO -      Count Subscribers: 0
2023-02-11 16:05:36,057 - DiscoveryAppln INFO -      Count Publishers: 3
2023-02-11 16:05:36,057 - DiscoveryAppln INFO - DiscoveryMW::is_ready_reply: done replying to client is_ready request
2023-02-11 16:05:36,062 - DiscoveryAppln INFO - DiscoveryMW::handle_request:
2023-02-11 16:05:36,062 - DiscoveryAppln INFO - DiscoveryAppln::handle_register
2023-02-11 16:05:36,062 - DiscoveryAppln INFO - DiscoveryAppln::handle_register checking if name is unique
2023-02-11 16:05:36,062 - DiscoveryAppln INFO - DiscoveryAppln::handle_register assigning user id to info
2023-02-11 16:05:36,062 - DiscoveryAppln INFO - DiscoveryAppln::handle_register adding topics to publishers
2023-02-11 16:05:36,062 - DiscoveryAppln INFO - DiscoveryAppln::handle_register increment number of seen publishers
2023-02-11 16:05:36,062 - DiscoveryAppln INFO - DiscoveryMW::register_reply: done replying to client register request
2023-02-11 16:05:36,062 - DiscoveryAppln INFO - DiscoveryAppln::invoke_operation
2023-02-11 16:05:36,064 - DiscoveryAppln INFO - DiscoveryMW::handle_request:
2023-02-11 16:05:36,064 - DiscoveryAppln INFO -      Expected Subscribers: 10
2023-02-11 16:05:36,064 - DiscoveryAppln INFO -      Expected Publishers: 35
2023-02-11 16:05:36,064 - DiscoveryAppln INFO -      Count Subscribers: 0
2023-02-11 16:05:36,064 - DiscoveryAppln INFO -      Count Publishers: 4
2023-02-11 16:05:36,064 - DiscoveryAppln INFO - DiscoveryMW::is_ready_reply: done replying to client is_ready request
2023-02-11 16:05:36,083 - DiscoveryAppln INFO - DiscoveryMW::handle_request:
2023-02-11 16:05:36,084 - DiscoveryAppln INFO - DiscoveryAppln::handle_register
2023-02-11 16:05:36,084 - DiscoveryAppln INFO - DiscoveryAppln::handle_register checking if name is unique
2023-02-11 16:05:36,084 - DiscoveryAppln INFO - DiscoveryAppln::handle_register assigning user id to info
2023-02-11 16:05:36,084 - DiscoveryAppln INFO - DiscoveryAppln::handle_register adding topics to publishers
2023-02-11 16:05:36,084 - DiscoveryAppln INFO - DiscoveryAppln::handle_register increment number of seen publishers
2023-02-11 16:05:36,084 - DiscoveryAppln INFO - DiscoveryMW::register_reply: done replying to client register request
2023-02-11 16:05:36,084 - DiscoveryAppln INFO - DiscoveryAppln::invoke_operation
2023-02-11 16:05:36,085 - DiscoveryAppln INFO - DiscoveryMW::handle_request:
2023-02-11 16:05:36,085 - DiscoveryAppln INFO -      Expected Subscribers: 10
2023-02-11 16:05:36,085 - DiscoveryAppln INFO -      Expected Publishers: 35
2023-02-11 16:05:36,085 - DiscoveryAppln INFO -      Count Subscribers: 0
2023-02-11 16:05:36,085 - DiscoveryAppln INFO -      Count Publishers: 5
2023-02-11 16:05:36,085 - DiscoveryAppln INFO - DiscoveryMW::is_ready_reply: done replying to client is_ready request
2023-02-11 16:05:36,110 - DiscoveryAppln INFO - DiscoveryMW::handle_request:
2023-02-11 16:05:36,111 - DiscoveryAppln INFO - DiscoveryAppln::handle_register
2023-02-11 16:05:36,111 - DiscoveryAppln INFO - DiscoveryAppln::handle_register checking if name is unique
2023-02-11 16:05:36,111 - DiscoveryAppln INFO - DiscoveryAppln::handle_register assigning user id to info
2023-02-11 16:05:36,111 - DiscoveryAppln INFO - DiscoveryAppln::handle_register adding topics to publishers
2023-02-11 16:05:36,111 - DiscoveryAppln INFO - DiscoveryAppln::handle_register increment number of seen publishers
2023-02-11 16:05:36,111 - DiscoveryAppln INFO - DiscoveryMW::register_reply: done replying to client register request
2023-02-11 16:05:36,111 - DiscoveryAppln INFO - DiscoveryAppln::invoke_operation
2023-02-11 16:05:36,112 - DiscoveryAppln INFO - DiscoveryMW::handle_request:
2023-02-11 16:05:36,113 - DiscoveryAppln INFO -      Expected Subscribers: 10
2023-02-11 16:05:36,113 - DiscoveryAppln INFO -      Expected Publishers: 35
2023-02-11 16:05:36,113 - DiscoveryAppln INFO -      Count Subscribers: 0
2023-02-11 16:05:36,113 - DiscoveryAppln INFO -      Count Publishers: 6
2023-02-11 16:05:36,113 - DiscoveryAppln INFO - DiscoveryMW::is_ready_reply: done replying to client is_ready request
2023-02-11 16:05:36,122 - DiscoveryAppln INFO - DiscoveryMW::handle_request:
2023-02-11 16:05:36,122 - DiscoveryAppln INFO - DiscoveryAppln::handle_register
2023-02-11 16:05:36,122 - DiscoveryAppln INFO - DiscoveryAppln::handle_register checking if name is unique
2023-02-11 16:05:36,122 - DiscoveryAppln INFO - DiscoveryAppln::handle_register assigning user id to info
2023-02-11 16:05:36,122 - DiscoveryAppln INFO - DiscoveryAppln::handle_register adding topics to publishers
2023-02-11 16:05:36,122 - DiscoveryAppln INFO - DiscoveryAppln::handle_register increment number of seen publishers
2023-02-11 16:05:36,122 - DiscoveryAppln INFO - DiscoveryMW::register_reply: done replying to client register request
2023-02-11 16:05:36,122 - DiscoveryAppln INFO - DiscoveryAppln::invoke_operation
2023-02-11 16:05:36,123 - DiscoveryAppln INFO - DiscoveryMW::handle_request:
2023-02-11 16:05:36,123 - DiscoveryAppln INFO -      Expected Subscribers: 10
2023-02-11 16:05:36,123 - DiscoveryAppln INFO -      Expected Publishers: 35
2023-02-11 16:05:36,123 - DiscoveryAppln INFO -      Count Subscribers: 0
2023-02-11 16:05:36,123 - DiscoveryAppln INFO -      Count Publishers: 7
2023-02-11 16:05:36,123 - DiscoveryAppln INFO - DiscoveryMW::is_ready_reply: done replying to client is_ready request
2023-02-11 16:05:36,148 - DiscoveryAppln INFO - DiscoveryMW::handle_request:
2023-02-11 16:05:36,148 - DiscoveryAppln INFO - DiscoveryAppln::handle_register
2023-02-11 16:05:36,148 - DiscoveryAppln INFO - DiscoveryAppln::handle_register checking if name is unique
2023-02-11 16:05:36,149 - DiscoveryAppln INFO - DiscoveryAppln::handle_register assigning user id to info
2023-02-11 16:05:36,149 - DiscoveryAppln INFO - DiscoveryAppln::handle_register adding topics to publishers
2023-02-11 16:05:36,149 - DiscoveryAppln INFO - DiscoveryAppln::handle_register increment number of seen publishers
2023-02-11 16:05:36,149 - DiscoveryAppln INFO - DiscoveryMW::register_reply: done replying to client register request
2023-02-11 16:05:36,149 - DiscoveryAppln INFO - DiscoveryAppln::invoke_operation
2023-02-11 16:05:36,150 - DiscoveryAppln INFO - DiscoveryMW::handle_request:
2023-02-11 16:05:36,150 - DiscoveryAppln INFO -      Expected Subscribers: 10
2023-02-11 16:05:36,150 - DiscoveryAppln INFO -      Expected Publishers: 35
2023-02-11 16:05:36,150 - DiscoveryAppln INFO -      Count Subscribers: 0
2023-02-11 16:05:36,150 - DiscoveryAppln INFO -      Count Publishers: 8
2023-02-11 16:05:36,150 - DiscoveryAppln INFO - DiscoveryMW::is_ready_reply: done replying to client is_ready request
2023-02-11 16:05:36,211 - DiscoveryAppln INFO - DiscoveryMW::handle_request:
2023-02-11 16:05:36,211 - DiscoveryAppln INFO - DiscoveryAppln::handle_register
2023-02-11 16:05:36,211 - DiscoveryAppln INFO - DiscoveryAppln::handle_register checking if name is unique
2023-02-11 16:05:36,211 - DiscoveryAppln INFO - DiscoveryAppln::handle_register assigning user id to info
2023-02-11 16:05:36,211 - DiscoveryAppln INFO - DiscoveryAppln::handle_register adding topics to publishers
2023-02-11 16:05:36,211 - DiscoveryAppln INFO - DiscoveryAppln::handle_register increment number of seen publishers
2023-02-11 16:05:36,211 - DiscoveryAppln INFO - DiscoveryMW::register_reply: done replying to client register request
2023-02-11 16:05:36,211 - DiscoveryAppln INFO - DiscoveryAppln::invoke_operation
2023-02-11 16:05:36,211 - DiscoveryAppln INFO - DiscoveryMW::handle_request:
2023-02-11 16:05:36,212 - DiscoveryAppln INFO - DiscoveryAppln::handle_register
2023-02-11 16:05:36,212 - DiscoveryAppln INFO - DiscoveryAppln::handle_register checking if name is unique
2023-02-11 16:05:36,212 - DiscoveryAppln INFO - DiscoveryAppln::handle_register assigning user id to info
2023-02-11 16:05:36,212 - DiscoveryAppln INFO - DiscoveryAppln::handle_register adding topics to publishers
2023-02-11 16:05:36,212 - DiscoveryAppln INFO - DiscoveryAppln::handle_register increment number of seen publishers
2023-02-11 16:05:36,212 - DiscoveryAppln INFO - DiscoveryMW::register_reply: done replying to client register request
2023-02-11 16:05:36,212 - DiscoveryAppln INFO - DiscoveryMW::handle_request:
2023-02-11 16:05:36,212 - DiscoveryAppln INFO -      Expected Subscribers: 10
2023-02-11 16:05:36,212 - DiscoveryAppln INFO -      Expected Publishers: 35
2023-02-11 16:05:36,212 - DiscoveryAppln INFO -      Count Subscribers: 0
2023-02-11 16:05:36,212 - DiscoveryAppln INFO -      Count Publishers: 10
2023-02-11 16:05:36,212 - DiscoveryAppln INFO - DiscoveryMW::is_ready_reply: done replying to client is_ready request
2023-02-11 16:05:36,213 - DiscoveryAppln INFO - DiscoveryMW::handle_request:
2023-02-11 16:05:36,213 - DiscoveryAppln INFO -      Expected Subscribers: 10
2023-02-11 16:05:36,213 - DiscoveryAppln INFO -      Expected Publishers: 35
2023-02-11 16:05:36,213 - DiscoveryAppln INFO -      Count Subscribers: 0
2023-02-11 16:05:36,213 - DiscoveryAppln INFO -      Count Publishers: 10
2023-02-11 16:05:36,213 - DiscoveryAppln INFO - DiscoveryMW::is_ready_reply: done replying to client is_ready request
2023-02-11 16:05:36,227 - DiscoveryAppln INFO - DiscoveryMW::handle_request:
2023-02-11 16:05:36,227 - DiscoveryAppln INFO - DiscoveryAppln::handle_register
2023-02-11 16:05:36,227 - DiscoveryAppln INFO - DiscoveryAppln::handle_register checking if name is unique
2023-02-11 16:05:36,227 - DiscoveryAppln INFO - DiscoveryAppln::handle_register assigning user id to info
2023-02-11 16:05:36,227 - DiscoveryAppln INFO - DiscoveryAppln::handle_register adding topics to publishers
2023-02-11 16:05:36,227 - DiscoveryAppln INFO - DiscoveryAppln::handle_register increment number of seen publishers
2023-02-11 16:05:36,227 - DiscoveryAppln INFO - DiscoveryMW::register_reply: done replying to client register request
2023-02-11 16:05:36,227 - DiscoveryAppln INFO - DiscoveryAppln::invoke_operation
2023-02-11 16:05:36,228 - DiscoveryAppln INFO - DiscoveryMW::handle_request:
2023-02-11 16:05:36,228 - DiscoveryAppln INFO -      Expected Subscribers: 10
2023-02-11 16:05:36,228 - DiscoveryAppln INFO -      Expected Publishers: 35
2023-02-11 16:05:36,228 - DiscoveryAppln INFO -      Count Subscribers: 0
2023-02-11 16:05:36,228 - DiscoveryAppln INFO -      Count Publishers: 11
2023-02-11 16:05:36,228 - DiscoveryAppln INFO - DiscoveryMW::is_ready_reply: done replying to client is_ready request
2023-02-11 16:05:36,243 - DiscoveryAppln INFO - DiscoveryMW::handle_request:
2023-02-11 16:05:36,243 - DiscoveryAppln INFO - DiscoveryAppln::handle_register
2023-02-11 16:05:36,243 - DiscoveryAppln INFO - DiscoveryAppln::handle_register checking if name is unique
2023-02-11 16:05:36,243 - DiscoveryAppln INFO - DiscoveryAppln::handle_register assigning user id to info
2023-02-11 16:05:36,243 - DiscoveryAppln INFO - DiscoveryAppln::handle_register adding topics to publishers
2023-02-11 16:05:36,243 - DiscoveryAppln INFO - DiscoveryAppln::handle_register increment number of seen publishers
2023-02-11 16:05:36,243 - DiscoveryAppln INFO - DiscoveryMW::register_reply: done replying to client register request
2023-02-11 16:05:36,243 - DiscoveryAppln INFO - DiscoveryAppln::invoke_operation
2023-02-11 16:05:36,244 - DiscoveryAppln INFO - DiscoveryMW::handle_request:
2023-02-11 16:05:36,244 - DiscoveryAppln INFO -      Expected Subscribers: 10
2023-02-11 16:05:36,244 - DiscoveryAppln INFO -      Expected Publishers: 35
2023-02-11 16:05:36,244 - DiscoveryAppln INFO -      Count Subscribers: 0
2023-02-11 16:05:36,244 - DiscoveryAppln INFO -      Count Publishers: 12
2023-02-11 16:05:36,244 - DiscoveryAppln INFO - DiscoveryMW::is_ready_reply: done replying to client is_ready request
2023-02-11 16:05:36,259 - DiscoveryAppln INFO - DiscoveryMW::handle_request:
2023-02-11 16:05:36,259 - DiscoveryAppln INFO - DiscoveryAppln::handle_register
2023-02-11 16:05:36,259 - DiscoveryAppln INFO - DiscoveryAppln::handle_register checking if name is unique
2023-02-11 16:05:36,259 - DiscoveryAppln INFO - DiscoveryAppln::handle_register assigning user id to info
2023-02-11 16:05:36,259 - DiscoveryAppln INFO - DiscoveryAppln::handle_register adding topics to publishers
2023-02-11 16:05:36,259 - DiscoveryAppln INFO - DiscoveryAppln::handle_register increment number of seen publishers
2023-02-11 16:05:36,260 - DiscoveryAppln INFO - DiscoveryMW::register_reply: done replying to client register request
2023-02-11 16:05:36,260 - DiscoveryAppln INFO - DiscoveryAppln::invoke_operation
2023-02-11 16:05:36,261 - DiscoveryAppln INFO - DiscoveryMW::handle_request:
2023-02-11 16:05:36,261 - DiscoveryAppln INFO - DiscoveryAppln::handle_register
2023-02-11 16:05:36,261 - DiscoveryAppln INFO - DiscoveryAppln::handle_register checking if name is unique
2023-02-11 16:05:36,261 - DiscoveryAppln INFO - DiscoveryAppln::handle_register assigning user id to info
2023-02-11 16:05:36,261 - DiscoveryAppln INFO - DiscoveryAppln::handle_register adding topics to publishers
2023-02-11 16:05:36,261 - DiscoveryAppln INFO - DiscoveryAppln::handle_register increment number of seen publishers
2023-02-11 16:05:36,262 - DiscoveryAppln INFO - DiscoveryMW::register_reply: done replying to client register request
2023-02-11 16:05:36,262 - DiscoveryAppln INFO - DiscoveryMW::handle_request:
2023-02-11 16:05:36,262 - DiscoveryAppln INFO -      Expected Subscribers: 10
2023-02-11 16:05:36,262 - DiscoveryAppln INFO -      Expected Publishers: 35
2023-02-11 16:05:36,262 - DiscoveryAppln INFO -      Count Subscribers: 0
2023-02-11 16:05:36,262 - DiscoveryAppln INFO -      Count Publishers: 14
2023-02-11 16:05:36,262 - DiscoveryAppln INFO - DiscoveryMW::is_ready_reply: done replying to client is_ready request
2023-02-11 16:05:36,262 - DiscoveryAppln INFO - DiscoveryMW::handle_request:
2023-02-11 16:05:36,262 - DiscoveryAppln INFO -      Expected Subscribers: 10
2023-02-11 16:05:36,262 - DiscoveryAppln INFO -      Expected Publishers: 35
2023-02-11 16:05:36,262 - DiscoveryAppln INFO -      Count Subscribers: 0
2023-02-11 16:05:36,262 - DiscoveryAppln INFO -      Count Publishers: 14
2023-02-11 16:05:36,262 - DiscoveryAppln INFO - DiscoveryMW::is_ready_reply: done replying to client is_ready request
2023-02-11 16:05:36,307 - DiscoveryAppln INFO - DiscoveryMW::handle_request:
2023-02-11 16:05:36,307 - DiscoveryAppln INFO - DiscoveryAppln::handle_register
2023-02-11 16:05:36,307 - DiscoveryAppln INFO - DiscoveryAppln::handle_register checking if name is unique
2023-02-11 16:05:36,307 - DiscoveryAppln INFO - DiscoveryAppln::handle_register assigning user id to info
2023-02-11 16:05:36,307 - DiscoveryAppln INFO - DiscoveryAppln::handle_register adding topics to publishers
2023-02-11 16:05:36,307 - DiscoveryAppln INFO - DiscoveryAppln::handle_register increment number of seen publishers
2023-02-11 16:05:36,307 - DiscoveryAppln INFO - DiscoveryMW::register_reply: done replying to client register request
2023-02-11 16:05:36,307 - DiscoveryAppln INFO - DiscoveryAppln::invoke_operation
2023-02-11 16:05:36,307 - DiscoveryAppln INFO - DiscoveryMW::handle_request:
2023-02-11 16:05:36,308 - DiscoveryAppln INFO -      Expected Subscribers: 10
2023-02-11 16:05:36,308 - DiscoveryAppln INFO -      Expected Publishers: 35
2023-02-11 16:05:36,308 - DiscoveryAppln INFO -      Count Subscribers: 0
2023-02-11 16:05:36,308 - DiscoveryAppln INFO -      Count Publishers: 15
2023-02-11 16:05:36,308 - DiscoveryAppln INFO - DiscoveryMW::is_ready_reply: done replying to client is_ready request
2023-02-11 16:05:36,323 - DiscoveryAppln INFO - DiscoveryMW::handle_request:
2023-02-11 16:05:36,323 - DiscoveryAppln INFO - DiscoveryAppln::handle_register
2023-02-11 16:05:36,323 - DiscoveryAppln INFO - DiscoveryAppln::handle_register checking if name is unique
2023-02-11 16:05:36,323 - DiscoveryAppln INFO - DiscoveryAppln::handle_register assigning user id to info
2023-02-11 16:05:36,323 - DiscoveryAppln INFO - DiscoveryAppln::handle_register adding topics to publishers
2023-02-11 16:05:36,323 - DiscoveryAppln INFO - DiscoveryAppln::handle_register increment number of seen publishers
2023-02-11 16:05:36,323 - DiscoveryAppln INFO - DiscoveryMW::register_reply: done replying to client register request
2023-02-11 16:05:36,323 - DiscoveryAppln INFO - DiscoveryAppln::invoke_operation
2023-02-11 16:05:36,324 - DiscoveryAppln INFO - DiscoveryMW::handle_request:
2023-02-11 16:05:36,324 - DiscoveryAppln INFO -      Expected Subscribers: 10
2023-02-11 16:05:36,324 - DiscoveryAppln INFO -      Expected Publishers: 35
2023-02-11 16:05:36,324 - DiscoveryAppln INFO -      Count Subscribers: 0
2023-02-11 16:05:36,324 - DiscoveryAppln INFO -      Count Publishers: 16
2023-02-11 16:05:36,324 - DiscoveryAppln INFO - DiscoveryMW::is_ready_reply: done replying to client is_ready request
2023-02-11 16:05:36,376 - DiscoveryAppln INFO - DiscoveryMW::handle_request:
2023-02-11 16:05:36,376 - DiscoveryAppln INFO - DiscoveryAppln::handle_register
2023-02-11 16:05:36,376 - DiscoveryAppln INFO - DiscoveryAppln::handle_register checking if name is unique
2023-02-11 16:05:36,376 - DiscoveryAppln INFO - DiscoveryAppln::handle_register assigning user id to info
2023-02-11 16:05:36,376 - DiscoveryAppln INFO - DiscoveryAppln::handle_register adding topics to publishers
2023-02-11 16:05:36,376 - DiscoveryAppln INFO - DiscoveryAppln::handle_register increment number of seen publishers
2023-02-11 16:05:36,376 - DiscoveryAppln INFO - DiscoveryMW::register_reply: done replying to client register request
2023-02-11 16:05:36,376 - DiscoveryAppln INFO - DiscoveryAppln::invoke_operation
2023-02-11 16:05:36,377 - DiscoveryAppln INFO - DiscoveryMW::handle_request:
2023-02-11 16:05:36,377 - DiscoveryAppln INFO - DiscoveryAppln::handle_register
2023-02-11 16:05:36,377 - DiscoveryAppln INFO - DiscoveryAppln::handle_register checking if name is unique
2023-02-11 16:05:36,377 - DiscoveryAppln INFO - DiscoveryAppln::handle_register assigning user id to info
2023-02-11 16:05:36,377 - DiscoveryAppln INFO - DiscoveryAppln::handle_register adding topics to publishers
2023-02-11 16:05:36,377 - DiscoveryAppln INFO - DiscoveryAppln::handle_register increment number of seen publishers
2023-02-11 16:05:36,377 - DiscoveryAppln INFO - DiscoveryMW::register_reply: done replying to client register request
2023-02-11 16:05:36,377 - DiscoveryAppln INFO - DiscoveryMW::handle_request:
2023-02-11 16:05:36,377 - DiscoveryAppln INFO - DiscoveryAppln::handle_register
2023-02-11 16:05:36,377 - DiscoveryAppln INFO - DiscoveryAppln::handle_register checking if name is unique
2023-02-11 16:05:36,377 - DiscoveryAppln INFO - DiscoveryAppln::handle_register assigning user id to info
2023-02-11 16:05:36,377 - DiscoveryAppln INFO - DiscoveryAppln::handle_register adding topics to publishers
2023-02-11 16:05:36,377 - DiscoveryAppln INFO - DiscoveryAppln::handle_register increment number of seen publishers
2023-02-11 16:05:36,377 - DiscoveryAppln INFO - DiscoveryMW::register_reply: done replying to client register request
2023-02-11 16:05:36,377 - DiscoveryAppln INFO - DiscoveryMW::handle_request:
2023-02-11 16:05:36,377 - DiscoveryAppln INFO -      Expected Subscribers: 10
2023-02-11 16:05:36,378 - DiscoveryAppln INFO -      Expected Publishers: 35
2023-02-11 16:05:36,378 - DiscoveryAppln INFO -      Count Subscribers: 0
2023-02-11 16:05:36,378 - DiscoveryAppln INFO -      Count Publishers: 19
2023-02-11 16:05:36,378 - DiscoveryAppln INFO - DiscoveryMW::is_ready_reply: done replying to client is_ready request
2023-02-11 16:05:36,379 - DiscoveryAppln INFO - DiscoveryMW::handle_request:
2023-02-11 16:05:36,379 - DiscoveryAppln INFO -      Expected Subscribers: 10
2023-02-11 16:05:36,379 - DiscoveryAppln INFO -      Expected Publishers: 35
2023-02-11 16:05:36,379 - DiscoveryAppln INFO -      Count Subscribers: 0
2023-02-11 16:05:36,379 - DiscoveryAppln INFO -      Count Publishers: 19
2023-02-11 16:05:36,379 - DiscoveryAppln INFO - DiscoveryMW::is_ready_reply: done replying to client is_ready request
2023-02-11 16:05:36,379 - DiscoveryAppln INFO - DiscoveryMW::handle_request:
2023-02-11 16:05:36,379 - DiscoveryAppln INFO -      Expected Subscribers: 10
2023-02-11 16:05:36,379 - DiscoveryAppln INFO -      Expected Publishers: 35
2023-02-11 16:05:36,379 - DiscoveryAppln INFO -      Count Subscribers: 0
2023-02-11 16:05:36,379 - DiscoveryAppln INFO -      Count Publishers: 19
2023-02-11 16:05:36,379 - DiscoveryAppln INFO - DiscoveryMW::is_ready_reply: done replying to client is_ready request
2023-02-11 16:05:36,395 - DiscoveryAppln INFO - DiscoveryMW::handle_request:
2023-02-11 16:05:36,395 - DiscoveryAppln INFO - DiscoveryAppln::handle_register
2023-02-11 16:05:36,395 - DiscoveryAppln INFO - DiscoveryAppln::handle_register checking if name is unique
2023-02-11 16:05:36,395 - DiscoveryAppln INFO - DiscoveryAppln::handle_register assigning user id to info
2023-02-11 16:05:36,395 - DiscoveryAppln INFO - DiscoveryAppln::handle_register adding topics to publishers
2023-02-11 16:05:36,395 - DiscoveryAppln INFO - DiscoveryAppln::handle_register increment number of seen publishers
2023-02-11 16:05:36,396 - DiscoveryAppln INFO - DiscoveryMW::register_reply: done replying to client register request
2023-02-11 16:05:36,396 - DiscoveryAppln INFO - DiscoveryMW::handle_request:
2023-02-11 16:05:36,396 - DiscoveryAppln INFO - DiscoveryAppln::handle_register
2023-02-11 16:05:36,396 - DiscoveryAppln INFO - DiscoveryAppln::handle_register checking if name is unique
2023-02-11 16:05:36,396 - DiscoveryAppln INFO - DiscoveryAppln::handle_register assigning user id to info
2023-02-11 16:05:36,396 - DiscoveryAppln INFO - DiscoveryAppln::handle_register adding topics to publishers
2023-02-11 16:05:36,396 - DiscoveryAppln INFO - DiscoveryAppln::handle_register increment number of seen publishers
2023-02-11 16:05:36,396 - DiscoveryAppln INFO - DiscoveryMW::register_reply: done replying to client register request
2023-02-11 16:05:36,396 - DiscoveryAppln INFO - DiscoveryMW::handle_request:
2023-02-11 16:05:36,396 - DiscoveryAppln INFO - DiscoveryAppln::handle_register
2023-02-11 16:05:36,396 - DiscoveryAppln INFO - DiscoveryAppln::handle_register checking if name is unique
2023-02-11 16:05:36,396 - DiscoveryAppln INFO - DiscoveryAppln::handle_register assigning user id to info
2023-02-11 16:05:36,396 - DiscoveryAppln INFO - DiscoveryAppln::handle_register adding topics to publishers
2023-02-11 16:05:36,396 - DiscoveryAppln INFO - DiscoveryAppln::handle_register increment number of seen publishers
2023-02-11 16:05:36,396 - DiscoveryAppln INFO - DiscoveryMW::register_reply: done replying to client register request
2023-02-11 16:05:36,396 - DiscoveryAppln INFO - DiscoveryMW::handle_request:
2023-02-11 16:05:36,396 - DiscoveryAppln INFO -      Expected Subscribers: 10
2023-02-11 16:05:36,396 - DiscoveryAppln INFO -      Expected Publishers: 35
2023-02-11 16:05:36,397 - DiscoveryAppln INFO -      Count Subscribers: 0
2023-02-11 16:05:36,397 - DiscoveryAppln INFO -      Count Publishers: 22
2023-02-11 16:05:36,397 - DiscoveryAppln INFO - DiscoveryMW::is_ready_reply: done replying to client is_ready request
2023-02-11 16:05:36,397 - DiscoveryAppln INFO - DiscoveryMW::handle_request:
2023-02-11 16:05:36,398 - DiscoveryAppln INFO - DiscoveryAppln::handle_register
2023-02-11 16:05:36,398 - DiscoveryAppln INFO - DiscoveryAppln::handle_register checking if name is unique
2023-02-11 16:05:36,398 - DiscoveryAppln INFO - DiscoveryAppln::handle_register assigning user id to info
2023-02-11 16:05:36,398 - DiscoveryAppln INFO - DiscoveryAppln::handle_register adding topics to publishers
2023-02-11 16:05:36,398 - DiscoveryAppln INFO - DiscoveryAppln::handle_register increment number of seen publishers
2023-02-11 16:05:36,398 - DiscoveryAppln INFO - DiscoveryMW::register_reply: done replying to client register request
2023-02-11 16:05:36,398 - DiscoveryAppln INFO - DiscoveryMW::handle_request:
2023-02-11 16:05:36,398 - DiscoveryAppln INFO -      Expected Subscribers: 10
2023-02-11 16:05:36,398 - DiscoveryAppln INFO -      Expected Publishers: 35
2023-02-11 16:05:36,398 - DiscoveryAppln INFO -      Count Subscribers: 0
2023-02-11 16:05:36,398 - DiscoveryAppln INFO -      Count Publishers: 23
2023-02-11 16:05:36,398 - DiscoveryAppln INFO - DiscoveryMW::is_ready_reply: done replying to client is_ready request
2023-02-11 16:05:36,398 - DiscoveryAppln INFO - DiscoveryMW::handle_request:
2023-02-11 16:05:36,398 - DiscoveryAppln INFO - DiscoveryAppln::handle_register
2023-02-11 16:05:36,398 - DiscoveryAppln INFO - DiscoveryAppln::handle_register checking if name is unique
2023-02-11 16:05:36,398 - DiscoveryAppln INFO - DiscoveryAppln::handle_register assigning user id to info
2023-02-11 16:05:36,398 - DiscoveryAppln INFO - DiscoveryAppln::handle_register adding topics to publishers
2023-02-11 16:05:36,398 - DiscoveryAppln INFO - DiscoveryAppln::handle_register increment number of seen publishers
2023-02-11 16:05:36,399 - DiscoveryAppln INFO - DiscoveryMW::register_reply: done replying to client register request
2023-02-11 16:05:36,399 - DiscoveryAppln INFO - DiscoveryMW::handle_request:
2023-02-11 16:05:36,399 - DiscoveryAppln INFO -      Expected Subscribers: 10
2023-02-11 16:05:36,399 - DiscoveryAppln INFO -      Expected Publishers: 35
2023-02-11 16:05:36,399 - DiscoveryAppln INFO -      Count Subscribers: 0
2023-02-11 16:05:36,400 - DiscoveryAppln INFO -      Count Publishers: 24
2023-02-11 16:05:36,400 - DiscoveryAppln INFO - DiscoveryMW::is_ready_reply: done replying to client is_ready request
2023-02-11 16:05:36,400 - DiscoveryAppln INFO - DiscoveryMW::handle_request:
2023-02-11 16:05:36,400 - DiscoveryAppln INFO -      Expected Subscribers: 10
2023-02-11 16:05:36,400 - DiscoveryAppln INFO -      Expected Publishers: 35
2023-02-11 16:05:36,400 - DiscoveryAppln INFO -      Count Subscribers: 0
2023-02-11 16:05:36,400 - DiscoveryAppln INFO -      Count Publishers: 24
2023-02-11 16:05:36,400 - DiscoveryAppln INFO - DiscoveryMW::is_ready_reply: done replying to client is_ready request
2023-02-11 16:05:36,400 - DiscoveryAppln INFO - DiscoveryMW::handle_request:
2023-02-11 16:05:36,400 - DiscoveryAppln INFO - DiscoveryAppln::handle_register
2023-02-11 16:05:36,400 - DiscoveryAppln INFO - DiscoveryAppln::handle_register checking if name is unique
2023-02-11 16:05:36,400 - DiscoveryAppln INFO - DiscoveryAppln::handle_register assigning user id to info
2023-02-11 16:05:36,401 - DiscoveryAppln INFO - DiscoveryAppln::handle_register adding topics to publishers
2023-02-11 16:05:36,401 - DiscoveryAppln INFO - DiscoveryAppln::handle_register increment number of seen publishers
2023-02-11 16:05:36,401 - DiscoveryAppln INFO - DiscoveryMW::register_reply: done replying to client register request
2023-02-11 16:05:36,401 - DiscoveryAppln INFO - DiscoveryMW::handle_request:
2023-02-11 16:05:36,401 - DiscoveryAppln INFO -      Expected Subscribers: 10
2023-02-11 16:05:36,401 - DiscoveryAppln INFO -      Expected Publishers: 35
2023-02-11 16:05:36,401 - DiscoveryAppln INFO -      Count Subscribers: 0
2023-02-11 16:05:36,401 - DiscoveryAppln INFO -      Count Publishers: 25
2023-02-11 16:05:36,401 - DiscoveryAppln INFO - DiscoveryMW::is_ready_reply: done replying to client is_ready request
2023-02-11 16:05:36,402 - DiscoveryAppln INFO - DiscoveryMW::handle_request:
2023-02-11 16:05:36,402 - DiscoveryAppln INFO -      Expected Subscribers: 10
2023-02-11 16:05:36,402 - DiscoveryAppln INFO -      Expected Publishers: 35
2023-02-11 16:05:36,403 - DiscoveryAppln INFO -      Count Subscribers: 0
2023-02-11 16:05:36,403 - DiscoveryAppln INFO -      Count Publishers: 25
2023-02-11 16:05:36,403 - DiscoveryAppln INFO - DiscoveryMW::is_ready_reply: done replying to client is_ready request
2023-02-11 16:05:36,416 - DiscoveryAppln INFO - DiscoveryMW::handle_request:
2023-02-11 16:05:36,416 - DiscoveryAppln INFO - DiscoveryAppln::handle_register
2023-02-11 16:05:36,416 - DiscoveryAppln INFO - DiscoveryAppln::handle_register checking if name is unique
2023-02-11 16:05:36,416 - DiscoveryAppln INFO - DiscoveryAppln::handle_register assigning user id to info
2023-02-11 16:05:36,416 - DiscoveryAppln INFO - DiscoveryAppln::handle_register adding topics to publishers
2023-02-11 16:05:36,416 - DiscoveryAppln INFO - DiscoveryAppln::handle_register increment number of seen publishers
2023-02-11 16:05:36,417 - DiscoveryAppln INFO - DiscoveryMW::register_reply: done replying to client register request
2023-02-11 16:05:36,417 - DiscoveryAppln INFO - DiscoveryAppln::invoke_operation
2023-02-11 16:05:36,417 - DiscoveryAppln INFO - DiscoveryMW::handle_request:
2023-02-11 16:05:36,417 - DiscoveryAppln INFO -      Expected Subscribers: 10
2023-02-11 16:05:36,417 - DiscoveryAppln INFO -      Expected Publishers: 35
2023-02-11 16:05:36,417 - DiscoveryAppln INFO -      Count Subscribers: 0
2023-02-11 16:05:36,417 - DiscoveryAppln INFO -      Count Publishers: 26
2023-02-11 16:05:36,418 - DiscoveryAppln INFO - DiscoveryMW::is_ready_reply: done replying to client is_ready request
2023-02-11 16:05:36,431 - DiscoveryAppln INFO - DiscoveryMW::handle_request:
2023-02-11 16:05:36,431 - DiscoveryAppln INFO - DiscoveryAppln::handle_register
2023-02-11 16:05:36,431 - DiscoveryAppln INFO - DiscoveryAppln::handle_register checking if name is unique
2023-02-11 16:05:36,431 - DiscoveryAppln INFO - DiscoveryAppln::handle_register assigning user id to info
2023-02-11 16:05:36,431 - DiscoveryAppln INFO - DiscoveryAppln::handle_register adding topics to publishers
2023-02-11 16:05:36,431 - DiscoveryAppln INFO - DiscoveryAppln::handle_register increment number of seen publishers
2023-02-11 16:05:36,431 - DiscoveryAppln INFO - DiscoveryMW::register_reply: done replying to client register request
2023-02-11 16:05:36,431 - DiscoveryAppln INFO - DiscoveryAppln::invoke_operation
2023-02-11 16:05:36,432 - DiscoveryAppln INFO - DiscoveryMW::handle_request:
2023-02-11 16:05:36,432 - DiscoveryAppln INFO -      Expected Subscribers: 10
2023-02-11 16:05:36,432 - DiscoveryAppln INFO -      Expected Publishers: 35
2023-02-11 16:05:36,432 - DiscoveryAppln INFO -      Count Subscribers: 0
2023-02-11 16:05:36,432 - DiscoveryAppln INFO -      Count Publishers: 27
2023-02-11 16:05:36,432 - DiscoveryAppln INFO - DiscoveryMW::is_ready_reply: done replying to client is_ready request
2023-02-11 16:05:36,436 - DiscoveryAppln INFO - DiscoveryMW::handle_request:
2023-02-11 16:05:36,436 - DiscoveryAppln INFO - DiscoveryAppln::handle_register
2023-02-11 16:05:36,436 - DiscoveryAppln INFO - DiscoveryAppln::handle_register checking if name is unique
2023-02-11 16:05:36,436 - DiscoveryAppln INFO - DiscoveryAppln::handle_register assigning user id to info
2023-02-11 16:05:36,436 - DiscoveryAppln INFO - DiscoveryAppln::handle_register adding topics to publishers
2023-02-11 16:05:36,436 - DiscoveryAppln INFO - DiscoveryAppln::handle_register increment number of seen publishers
2023-02-11 16:05:36,436 - DiscoveryAppln INFO - DiscoveryMW::register_reply: done replying to client register request
2023-02-11 16:05:36,436 - DiscoveryAppln INFO - DiscoveryMW::handle_request:
2023-02-11 16:05:36,436 - DiscoveryAppln INFO - DiscoveryAppln::handle_register
2023-02-11 16:05:36,436 - DiscoveryAppln INFO - DiscoveryAppln::handle_register checking if name is unique
2023-02-11 16:05:36,436 - DiscoveryAppln INFO - DiscoveryAppln::handle_register assigning user id to info
2023-02-11 16:05:36,436 - DiscoveryAppln INFO - DiscoveryAppln::handle_register adding topics to publishers
2023-02-11 16:05:36,436 - DiscoveryAppln INFO - DiscoveryAppln::handle_register increment number of seen publishers
2023-02-11 16:05:36,436 - DiscoveryAppln INFO - DiscoveryMW::register_reply: done replying to client register request
2023-02-11 16:05:36,436 - DiscoveryAppln INFO - DiscoveryAppln::invoke_operation
2023-02-11 16:05:36,437 - DiscoveryAppln INFO - DiscoveryMW::handle_request:
2023-02-11 16:05:36,437 - DiscoveryAppln INFO -      Expected Subscribers: 10
2023-02-11 16:05:36,437 - DiscoveryAppln INFO -      Expected Publishers: 35
2023-02-11 16:05:36,437 - DiscoveryAppln INFO -      Count Subscribers: 0
2023-02-11 16:05:36,437 - DiscoveryAppln INFO -      Count Publishers: 29
2023-02-11 16:05:36,437 - DiscoveryAppln INFO - DiscoveryMW::is_ready_reply: done replying to client is_ready request
2023-02-11 16:05:36,437 - DiscoveryAppln INFO - DiscoveryMW::handle_request:
2023-02-11 16:05:36,437 - DiscoveryAppln INFO -      Expected Subscribers: 10
2023-02-11 16:05:36,437 - DiscoveryAppln INFO -      Expected Publishers: 35
2023-02-11 16:05:36,437 - DiscoveryAppln INFO -      Count Subscribers: 0
2023-02-11 16:05:36,437 - DiscoveryAppln INFO -      Count Publishers: 29
2023-02-11 16:05:36,438 - DiscoveryAppln INFO - DiscoveryMW::is_ready_reply: done replying to client is_ready request
2023-02-11 16:05:36,446 - DiscoveryAppln INFO - DiscoveryMW::handle_request:
2023-02-11 16:05:36,446 - DiscoveryAppln INFO - DiscoveryAppln::handle_register
2023-02-11 16:05:36,446 - DiscoveryAppln INFO - DiscoveryAppln::handle_register checking if name is unique
2023-02-11 16:05:36,446 - DiscoveryAppln INFO - DiscoveryAppln::handle_register assigning user id to info
2023-02-11 16:05:36,446 - DiscoveryAppln INFO - DiscoveryAppln::handle_register adding topics to publishers
2023-02-11 16:05:36,446 - DiscoveryAppln INFO - DiscoveryAppln::handle_register increment number of seen publishers
2023-02-11 16:05:36,446 - DiscoveryAppln INFO - DiscoveryMW::register_reply: done replying to client register request
2023-02-11 16:05:36,446 - DiscoveryAppln INFO - DiscoveryMW::handle_request:
2023-02-11 16:05:36,446 - DiscoveryAppln INFO - DiscoveryAppln::handle_register
2023-02-11 16:05:36,446 - DiscoveryAppln INFO - DiscoveryAppln::handle_register checking if name is unique
2023-02-11 16:05:36,446 - DiscoveryAppln INFO - DiscoveryAppln::handle_register assigning user id to info
2023-02-11 16:05:36,446 - DiscoveryAppln INFO - DiscoveryAppln::handle_register adding topics to publishers
2023-02-11 16:05:36,446 - DiscoveryAppln INFO - DiscoveryAppln::handle_register increment number of seen publishers
2023-02-11 16:05:36,446 - DiscoveryAppln INFO - DiscoveryMW::register_reply: done replying to client register request
2023-02-11 16:05:36,446 - DiscoveryAppln INFO - DiscoveryAppln::invoke_operation
2023-02-11 16:05:36,448 - DiscoveryAppln INFO - DiscoveryMW::handle_request:
2023-02-11 16:05:36,448 - DiscoveryAppln INFO - DiscoveryAppln::handle_register
2023-02-11 16:05:36,448 - DiscoveryAppln INFO - DiscoveryAppln::handle_register checking if name is unique
2023-02-11 16:05:36,448 - DiscoveryAppln INFO - DiscoveryAppln::handle_register assigning user id to info
2023-02-11 16:05:36,448 - DiscoveryAppln INFO - DiscoveryAppln::handle_register adding topics to publishers
2023-02-11 16:05:36,448 - DiscoveryAppln INFO - DiscoveryAppln::handle_register increment number of seen publishers
2023-02-11 16:05:36,448 - DiscoveryAppln INFO - DiscoveryMW::register_reply: done replying to client register request
2023-02-11 16:05:36,448 - DiscoveryAppln INFO - DiscoveryMW::handle_request:
2023-02-11 16:05:36,448 - DiscoveryAppln INFO - DiscoveryAppln::handle_register
2023-02-11 16:05:36,448 - DiscoveryAppln INFO - DiscoveryAppln::handle_register increment number of seen subscribers
2023-02-11 16:05:36,448 - DiscoveryAppln INFO - DiscoveryMW::register_reply: done replying to client register request
2023-02-11 16:05:36,448 - DiscoveryAppln INFO - DiscoveryMW::handle_request:
2023-02-11 16:05:36,449 - DiscoveryAppln INFO - DiscoveryAppln::handle_register
2023-02-11 16:05:36,449 - DiscoveryAppln INFO - DiscoveryAppln::handle_register increment number of seen subscribers
2023-02-11 16:05:36,449 - DiscoveryAppln INFO - DiscoveryMW::register_reply: done replying to client register request
2023-02-11 16:05:36,449 - DiscoveryAppln INFO - DiscoveryMW::handle_request:
2023-02-11 16:05:36,449 - DiscoveryAppln INFO - DiscoveryAppln::handle_register
2023-02-11 16:05:36,449 - DiscoveryAppln INFO - DiscoveryAppln::handle_register checking if name is unique
2023-02-11 16:05:36,449 - DiscoveryAppln INFO - DiscoveryAppln::handle_register assigning user id to info
2023-02-11 16:05:36,449 - DiscoveryAppln INFO - DiscoveryAppln::handle_register adding topics to publishers
2023-02-11 16:05:36,449 - DiscoveryAppln INFO - DiscoveryAppln::handle_register increment number of seen publishers
2023-02-11 16:05:36,451 - DiscoveryAppln INFO - DiscoveryMW::register_reply: done replying to client register request
2023-02-11 16:05:36,451 - DiscoveryAppln INFO - DiscoveryMW::handle_request:
2023-02-11 16:05:36,451 - DiscoveryAppln INFO -      Expected Subscribers: 10
2023-02-11 16:05:36,451 - DiscoveryAppln INFO -      Expected Publishers: 35
2023-02-11 16:05:36,451 - DiscoveryAppln INFO -      Count Subscribers: 2
2023-02-11 16:05:36,451 - DiscoveryAppln INFO -      Count Publishers: 33
2023-02-11 16:05:36,451 - DiscoveryAppln INFO - DiscoveryMW::is_ready_reply: done replying to client is_ready request
2023-02-11 16:05:36,451 - DiscoveryAppln INFO - DiscoveryMW::handle_request:
2023-02-11 16:05:36,451 - DiscoveryAppln INFO -      Expected Subscribers: 10
2023-02-11 16:05:36,451 - DiscoveryAppln INFO -      Expected Publishers: 35
2023-02-11 16:05:36,451 - DiscoveryAppln INFO -      Count Subscribers: 2
2023-02-11 16:05:36,451 - DiscoveryAppln INFO -      Count Publishers: 33
2023-02-11 16:05:36,452 - DiscoveryAppln INFO - DiscoveryMW::is_ready_reply: done replying to client is_ready request
2023-02-11 16:05:36,452 - DiscoveryAppln INFO - DiscoveryMW::handle_request:
2023-02-11 16:05:36,452 - DiscoveryAppln INFO -      Expected Subscribers: 10
2023-02-11 16:05:36,452 - DiscoveryAppln INFO -      Expected Publishers: 35
2023-02-11 16:05:36,452 - DiscoveryAppln INFO -      Count Subscribers: 2
2023-02-11 16:05:36,452 - DiscoveryAppln INFO -      Count Publishers: 33
2023-02-11 16:05:36,453 - DiscoveryAppln INFO - DiscoveryMW::is_ready_reply: done replying to client is_ready request
2023-02-11 16:05:36,453 - DiscoveryAppln INFO - DiscoveryMW::handle_request:
2023-02-11 16:05:36,453 - DiscoveryAppln INFO -      Expected Subscribers: 10
2023-02-11 16:05:36,453 - DiscoveryAppln INFO -      Expected Publishers: 35
2023-02-11 16:05:36,453 - DiscoveryAppln INFO -      Count Subscribers: 2
2023-02-11 16:05:36,453 - DiscoveryAppln INFO -      Count Publishers: 33
2023-02-11 16:05:36,453 - DiscoveryAppln INFO - DiscoveryMW::is_ready_reply: done replying to client is_ready request
2023-02-11 16:05:36,453 - DiscoveryAppln INFO - DiscoveryMW::handle_request:
2023-02-11 16:05:36,453 - DiscoveryAppln INFO -      Expected Subscribers: 10
2023-02-11 16:05:36,453 - DiscoveryAppln INFO -      Expected Publishers: 35
2023-02-11 16:05:36,453 - DiscoveryAppln INFO -      Count Subscribers: 2
2023-02-11 16:05:36,453 - DiscoveryAppln INFO -      Count Publishers: 33
2023-02-11 16:05:36,454 - DiscoveryAppln INFO - DiscoveryMW::is_ready_reply: done replying to client is_ready request
2023-02-11 16:05:36,454 - DiscoveryAppln INFO - DiscoveryMW::handle_request:
2023-02-11 16:05:36,454 - DiscoveryAppln INFO -      Expected Subscribers: 10
2023-02-11 16:05:36,454 - DiscoveryAppln INFO -      Expected Publishers: 35
2023-02-11 16:05:36,454 - DiscoveryAppln INFO -      Count Subscribers: 2
2023-02-11 16:05:36,454 - DiscoveryAppln INFO -      Count Publishers: 33
2023-02-11 16:05:36,454 - DiscoveryAppln INFO - DiscoveryMW::is_ready_reply: done replying to client is_ready request
2023-02-11 16:05:36,458 - DiscoveryAppln INFO - DiscoveryMW::handle_request:
2023-02-11 16:05:36,459 - DiscoveryAppln INFO - DiscoveryAppln::handle_register
2023-02-11 16:05:36,459 - DiscoveryAppln INFO - DiscoveryAppln::handle_register increment number of seen subscribers
2023-02-11 16:05:36,459 - DiscoveryAppln INFO - DiscoveryMW::register_reply: done replying to client register request
2023-02-11 16:05:36,459 - DiscoveryAppln INFO - DiscoveryMW::handle_request:
2023-02-11 16:05:36,459 - DiscoveryAppln INFO - DiscoveryAppln::handle_register
2023-02-11 16:05:36,459 - DiscoveryAppln INFO - DiscoveryAppln::handle_register increment number of seen subscribers
2023-02-11 16:05:36,459 - DiscoveryAppln INFO - DiscoveryMW::register_reply: done replying to client register request
2023-02-11 16:05:36,459 - DiscoveryAppln INFO - DiscoveryAppln::invoke_operation
2023-02-11 16:05:36,460 - DiscoveryAppln INFO - DiscoveryMW::handle_request:
2023-02-11 16:05:36,460 - DiscoveryAppln INFO -      Expected Subscribers: 10
2023-02-11 16:05:36,460 - DiscoveryAppln INFO -      Expected Publishers: 35
2023-02-11 16:05:36,460 - DiscoveryAppln INFO -      Count Subscribers: 4
2023-02-11 16:05:36,460 - DiscoveryAppln INFO -      Count Publishers: 33
2023-02-11 16:05:36,460 - DiscoveryAppln INFO - DiscoveryMW::is_ready_reply: done replying to client is_ready request
2023-02-11 16:05:36,462 - DiscoveryAppln INFO - DiscoveryMW::handle_request:
2023-02-11 16:05:36,462 - DiscoveryAppln INFO -      Expected Subscribers: 10
2023-02-11 16:05:36,462 - DiscoveryAppln INFO -      Expected Publishers: 35
2023-02-11 16:05:36,462 - DiscoveryAppln INFO -      Count Subscribers: 4
2023-02-11 16:05:36,462 - DiscoveryAppln INFO -      Count Publishers: 33
2023-02-11 16:05:36,463 - DiscoveryAppln INFO - DiscoveryMW::is_ready_reply: done replying to client is_ready request
2023-02-11 16:05:36,463 - DiscoveryAppln INFO - DiscoveryMW::handle_request:
2023-02-11 16:05:36,463 - DiscoveryAppln INFO - DiscoveryAppln::handle_register
2023-02-11 16:05:36,463 - DiscoveryAppln INFO - DiscoveryAppln::handle_register checking if name is unique
2023-02-11 16:05:36,463 - DiscoveryAppln INFO - DiscoveryAppln::handle_register assigning user id to info
2023-02-11 16:05:36,464 - DiscoveryAppln INFO - DiscoveryAppln::handle_register adding topics to publishers
2023-02-11 16:05:36,464 - DiscoveryAppln INFO - DiscoveryAppln::handle_register increment number of seen publishers
2023-02-11 16:05:36,464 - DiscoveryAppln INFO - DiscoveryMW::register_reply: done replying to client register request
2023-02-11 16:05:36,464 - DiscoveryAppln INFO - DiscoveryAppln::invoke_operation
2023-02-11 16:05:36,465 - DiscoveryAppln INFO - DiscoveryMW::handle_request:
2023-02-11 16:05:36,465 - DiscoveryAppln INFO -      Expected Subscribers: 10
2023-02-11 16:05:36,465 - DiscoveryAppln INFO -      Expected Publishers: 35
2023-02-11 16:05:36,465 - DiscoveryAppln INFO -      Count Subscribers: 4
2023-02-11 16:05:36,465 - DiscoveryAppln INFO -      Count Publishers: 34
2023-02-11 16:05:36,465 - DiscoveryAppln INFO - DiscoveryMW::is_ready_reply: done replying to client is_ready request
2023-02-11 16:05:36,465 - DiscoveryAppln INFO - DiscoveryMW::handle_request:
2023-02-11 16:05:36,465 - DiscoveryAppln INFO - DiscoveryAppln::handle_register
2023-02-11 16:05:36,465 - DiscoveryAppln INFO - DiscoveryAppln::handle_register increment number of seen subscribers
2023-02-11 16:05:36,465 - DiscoveryAppln INFO - DiscoveryMW::register_reply: done replying to client register request
2023-02-11 16:05:36,465 - DiscoveryAppln INFO - DiscoveryAppln::invoke_operation
2023-02-11 16:05:36,466 - DiscoveryAppln INFO - DiscoveryMW::handle_request:
2023-02-11 16:05:36,466 - DiscoveryAppln INFO -      Expected Subscribers: 10
2023-02-11 16:05:36,466 - DiscoveryAppln INFO -      Expected Publishers: 35
2023-02-11 16:05:36,466 - DiscoveryAppln INFO -      Count Subscribers: 5
2023-02-11 16:05:36,466 - DiscoveryAppln INFO -      Count Publishers: 34
2023-02-11 16:05:36,466 - DiscoveryAppln INFO - DiscoveryMW::is_ready_reply: done replying to client is_ready request
2023-02-11 16:05:36,475 - DiscoveryAppln INFO - DiscoveryMW::handle_request:
2023-02-11 16:05:36,475 - DiscoveryAppln INFO - DiscoveryAppln::handle_register
2023-02-11 16:05:36,475 - DiscoveryAppln INFO - DiscoveryAppln::handle_register increment number of seen subscribers
2023-02-11 16:05:36,475 - DiscoveryAppln INFO - DiscoveryMW::register_reply: done replying to client register request
2023-02-11 16:05:36,475 - DiscoveryAppln INFO - DiscoveryMW::handle_request:
2023-02-11 16:05:36,476 - DiscoveryAppln INFO - DiscoveryAppln::handle_register
2023-02-11 16:05:36,476 - DiscoveryAppln INFO - DiscoveryAppln::handle_register increment number of seen subscribers
2023-02-11 16:05:36,476 - DiscoveryAppln INFO - DiscoveryMW::register_reply: done replying to client register request
2023-02-11 16:05:36,476 - DiscoveryAppln INFO - DiscoveryMW::handle_request:
2023-02-11 16:05:36,476 - DiscoveryAppln INFO - DiscoveryAppln::handle_register
2023-02-11 16:05:36,476 - DiscoveryAppln INFO - DiscoveryAppln::handle_register checking if name is unique
2023-02-11 16:05:36,476 - DiscoveryAppln INFO - DiscoveryAppln::handle_register assigning user id to info
2023-02-11 16:05:36,476 - DiscoveryAppln INFO - DiscoveryAppln::handle_register adding topics to publishers
2023-02-11 16:05:36,476 - DiscoveryAppln INFO - DiscoveryAppln::handle_register increment number of seen publishers
2023-02-11 16:05:36,476 - DiscoveryAppln INFO - DiscoveryMW::register_reply: done replying to client register request
2023-02-11 16:05:36,476 - DiscoveryAppln INFO - DiscoveryMW::handle_request:
2023-02-11 16:05:36,476 - DiscoveryAppln INFO - DiscoveryAppln::handle_register
2023-02-11 16:05:36,476 - DiscoveryAppln INFO - DiscoveryAppln::handle_register increment number of seen subscribers
2023-02-11 16:05:36,476 - DiscoveryAppln INFO - DiscoveryMW::register_reply: done replying to client register request
2023-02-11 16:05:36,476 - DiscoveryAppln INFO - DiscoveryAppln::invoke_operation
2023-02-11 16:05:36,477 - DiscoveryAppln INFO - DiscoveryMW::handle_request:
2023-02-11 16:05:36,477 - DiscoveryAppln INFO -      Expected Subscribers: 10
2023-02-11 16:05:36,477 - DiscoveryAppln INFO -      Expected Publishers: 35
2023-02-11 16:05:36,477 - DiscoveryAppln INFO -      Count Subscribers: 8
2023-02-11 16:05:36,477 - DiscoveryAppln INFO -      Count Publishers: 35
2023-02-11 16:05:36,477 - DiscoveryAppln INFO - DiscoveryMW::is_ready_reply: done replying to client is_ready request
2023-02-11 16:05:36,478 - DiscoveryAppln INFO - DiscoveryMW::handle_request:
2023-02-11 16:05:36,478 - DiscoveryAppln INFO -      Expected Subscribers: 10
2023-02-11 16:05:36,478 - DiscoveryAppln INFO -      Expected Publishers: 35
2023-02-11 16:05:36,478 - DiscoveryAppln INFO -      Count Subscribers: 8
2023-02-11 16:05:36,478 - DiscoveryAppln INFO -      Count Publishers: 35
2023-02-11 16:05:36,478 - DiscoveryAppln INFO - DiscoveryMW::is_ready_reply: done replying to client is_ready request
2023-02-11 16:05:36,478 - DiscoveryAppln INFO - DiscoveryMW::handle_request:
2023-02-11 16:05:36,478 - DiscoveryAppln INFO -      Expected Subscribers: 10
2023-02-11 16:05:36,478 - DiscoveryAppln INFO -      Expected Publishers: 35
2023-02-11 16:05:36,478 - DiscoveryAppln INFO -      Count Subscribers: 8
2023-02-11 16:05:36,478 - DiscoveryAppln INFO -      Count Publishers: 35
2023-02-11 16:05:36,478 - DiscoveryAppln INFO - DiscoveryMW::is_ready_reply: done replying to client is_ready request
2023-02-11 16:05:36,479 - DiscoveryAppln INFO - DiscoveryMW::handle_request:
2023-02-11 16:05:36,479 - DiscoveryAppln INFO - DiscoveryAppln::handle_register
2023-02-11 16:05:36,479 - DiscoveryAppln INFO - DiscoveryAppln::handle_register increment number of seen subscribers
2023-02-11 16:05:36,479 - DiscoveryAppln INFO - DiscoveryMW::register_reply: done replying to client register request
2023-02-11 16:05:36,479 - DiscoveryAppln INFO - DiscoveryMW::handle_request:
2023-02-11 16:05:36,479 - DiscoveryAppln INFO -      Expected Subscribers: 10
2023-02-11 16:05:36,479 - DiscoveryAppln INFO -      Expected Publishers: 35
2023-02-11 16:05:36,479 - DiscoveryAppln INFO -      Count Subscribers: 9
2023-02-11 16:05:36,480 - DiscoveryAppln INFO -      Count Publishers: 35
2023-02-11 16:05:36,480 - DiscoveryAppln INFO - DiscoveryMW::is_ready_reply: done replying to client is_ready request
2023-02-11 16:05:36,480 - DiscoveryAppln INFO - DiscoveryMW::handle_request:
2023-02-11 16:05:36,480 - DiscoveryAppln INFO - DiscoveryAppln::handle_register
2023-02-11 16:05:36,480 - DiscoveryAppln INFO - DiscoveryAppln::handle_register increment number of seen subscribers
2023-02-11 16:05:36,480 - DiscoveryAppln INFO - DiscoveryMW::register_reply: done replying to client register request
2023-02-11 16:05:36,480 - DiscoveryAppln INFO - DiscoveryMW::handle_request:
2023-02-11 16:05:36,481 - DiscoveryAppln INFO -      Expected Subscribers: 10
2023-02-11 16:05:36,481 - DiscoveryAppln INFO -      Expected Publishers: 35
2023-02-11 16:05:36,481 - DiscoveryAppln INFO -      Count Subscribers: 10
2023-02-11 16:05:36,481 - DiscoveryAppln INFO -      Count Publishers: 35
2023-02-11 16:05:36,481 - DiscoveryAppln INFO - DiscoveryMW::is_ready_reply: done replying to client is_ready request
2023-02-11 16:05:36,481 - DiscoveryAppln INFO - DiscoveryMW::handle_request:
2023-02-11 16:05:36,481 - DiscoveryAppln INFO -      Expected Subscribers: 10
2023-02-11 16:05:36,481 - DiscoveryAppln INFO -      Expected Publishers: 35
2023-02-11 16:05:36,481 - DiscoveryAppln INFO -      Count Subscribers: 10
2023-02-11 16:05:36,481 - DiscoveryAppln INFO -      Count Publishers: 35
2023-02-11 16:05:36,481 - DiscoveryAppln INFO - DiscoveryMW::is_ready_reply: done replying to client is_ready request
2023-02-11 16:05:36,481 - DiscoveryAppln INFO - DiscoveryMW::handle_request:
2023-02-11 16:05:36,481 - DiscoveryAppln INFO - DiscoveryAppln::lookup_pub_by_topic_reqest
2023-02-11 16:05:36,482 - DiscoveryAppln INFO - DiscoveryAppln::lookup_pub_by_topic_reqest - returning publist
2023-02-11 16:05:36,482 - DiscoveryAppln INFO - DiscoveryMW::lookup_reply: done replying to client lookup request
2023-02-11 16:05:36,483 - DiscoveryAppln INFO - DiscoveryMW::handle_request:
2023-02-11 16:05:36,483 - DiscoveryAppln INFO - DiscoveryAppln::lookup_pub_by_topic_reqest
2023-02-11 16:05:36,483 - DiscoveryAppln INFO - DiscoveryAppln::lookup_pub_by_topic_reqest - returning publist
2023-02-11 16:05:36,484 - DiscoveryAppln INFO - DiscoveryMW::lookup_reply: done replying to client lookup request
2023-02-11 16:05:36,484 - DiscoveryAppln INFO - DiscoveryAppln::invoke_operation
2023-02-11 16:05:45,995 - DiscoveryAppln INFO - DiscoveryMW::handle_request:
2023-02-11 16:05:45,995 - DiscoveryAppln INFO -      Expected Subscribers: 10
2023-02-11 16:05:45,995 - DiscoveryAppln INFO -      Expected Publishers: 35
2023-02-11 16:05:45,995 - DiscoveryAppln INFO -      Count Subscribers: 10
2023-02-11 16:05:45,995 - DiscoveryAppln INFO -      Count Publishers: 35
2023-02-11 16:05:45,995 - DiscoveryAppln INFO - DiscoveryMW::is_ready_reply: done replying to client is_ready request
2023-02-11 16:05:46,057 - DiscoveryAppln INFO - DiscoveryMW::handle_request:
2023-02-11 16:05:46,058 - DiscoveryAppln INFO -      Expected Subscribers: 10
2023-02-11 16:05:46,058 - DiscoveryAppln INFO -      Expected Publishers: 35
2023-02-11 16:05:46,058 - DiscoveryAppln INFO -      Count Subscribers: 10
2023-02-11 16:05:46,058 - DiscoveryAppln INFO -      Count Publishers: 35
2023-02-11 16:05:46,058 - DiscoveryAppln INFO - DiscoveryMW::is_ready_reply: done replying to client is_ready request
2023-02-11 16:05:46,072 - DiscoveryAppln INFO - DiscoveryMW::handle_request:
2023-02-11 16:05:46,072 - DiscoveryAppln INFO -      Expected Subscribers: 10
2023-02-11 16:05:46,072 - DiscoveryAppln INFO -      Expected Publishers: 35
2023-02-11 16:05:46,072 - DiscoveryAppln INFO -      Count Subscribers: 10
2023-02-11 16:05:46,072 - DiscoveryAppln INFO -      Count Publishers: 35
2023-02-11 16:05:46,072 - DiscoveryAppln INFO - DiscoveryMW::is_ready_reply: done replying to client is_ready request
2023-02-11 16:05:46,075 - DiscoveryAppln INFO - DiscoveryMW::handle_request:
2023-02-11 16:05:46,075 - DiscoveryAppln INFO -      Expected Subscribers: 10
2023-02-11 16:05:46,075 - DiscoveryAppln INFO -      Expected Publishers: 35
2023-02-11 16:05:46,075 - DiscoveryAppln INFO -      Count Subscribers: 10
2023-02-11 16:05:46,075 - DiscoveryAppln INFO -      Count Publishers: 35
2023-02-11 16:05:46,075 - DiscoveryAppln INFO - DiscoveryMW::is_ready_reply: done replying to client is_ready request
2023-02-11 16:05:46,100 - DiscoveryAppln INFO - DiscoveryMW::handle_request:
2023-02-11 16:05:46,100 - DiscoveryAppln INFO -      Expected Subscribers: 10
2023-02-11 16:05:46,100 - DiscoveryAppln INFO -      Expected Publishers: 35
2023-02-11 16:05:46,100 - DiscoveryAppln INFO -      Count Subscribers: 10
2023-02-11 16:05:46,100 - DiscoveryAppln INFO -      Count Publishers: 35
2023-02-11 16:05:46,100 - DiscoveryAppln INFO - DiscoveryMW::is_ready_reply: done replying to client is_ready request
2023-02-11 16:05:46,129 - DiscoveryAppln INFO - DiscoveryMW::handle_request:
2023-02-11 16:05:46,129 - DiscoveryAppln INFO -      Expected Subscribers: 10
2023-02-11 16:05:46,129 - DiscoveryAppln INFO -      Expected Publishers: 35
2023-02-11 16:05:46,129 - DiscoveryAppln INFO -      Count Subscribers: 10
2023-02-11 16:05:46,129 - DiscoveryAppln INFO -      Count Publishers: 35
2023-02-11 16:05:46,129 - DiscoveryAppln INFO - DiscoveryMW::is_ready_reply: done replying to client is_ready request
2023-02-11 16:05:46,131 - DiscoveryAppln INFO - DiscoveryMW::handle_request:
2023-02-11 16:05:46,131 - DiscoveryAppln INFO -      Expected Subscribers: 10
2023-02-11 16:05:46,131 - DiscoveryAppln INFO -      Expected Publishers: 35
2023-02-11 16:05:46,131 - DiscoveryAppln INFO -      Count Subscribers: 10
2023-02-11 16:05:46,131 - DiscoveryAppln INFO -      Count Publishers: 35
2023-02-11 16:05:46,131 - DiscoveryAppln INFO - DiscoveryMW::is_ready_reply: done replying to client is_ready request
2023-02-11 16:05:46,154 - DiscoveryAppln INFO - DiscoveryMW::handle_request:
2023-02-11 16:05:46,154 - DiscoveryAppln INFO -      Expected Subscribers: 10
2023-02-11 16:05:46,154 - DiscoveryAppln INFO -      Expected Publishers: 35
2023-02-11 16:05:46,154 - DiscoveryAppln INFO -      Count Subscribers: 10
2023-02-11 16:05:46,154 - DiscoveryAppln INFO -      Count Publishers: 35
2023-02-11 16:05:46,155 - DiscoveryAppln INFO - DiscoveryMW::is_ready_reply: done replying to client is_ready request
2023-02-11 16:05:46,227 - DiscoveryAppln INFO - DiscoveryMW::handle_request:
2023-02-11 16:05:46,228 - DiscoveryAppln INFO -      Expected Subscribers: 10
2023-02-11 16:05:46,228 - DiscoveryAppln INFO -      Expected Publishers: 35
2023-02-11 16:05:46,228 - DiscoveryAppln INFO -      Count Subscribers: 10
2023-02-11 16:05:46,228 - DiscoveryAppln INFO -      Count Publishers: 35
2023-02-11 16:05:46,228 - DiscoveryAppln INFO - DiscoveryMW::is_ready_reply: done replying to client is_ready request
2023-02-11 16:05:46,228 - DiscoveryAppln INFO - DiscoveryMW::handle_request:
2023-02-11 16:05:46,228 - DiscoveryAppln INFO -      Expected Subscribers: 10
2023-02-11 16:05:46,228 - DiscoveryAppln INFO -      Expected Publishers: 35
2023-02-11 16:05:46,228 - DiscoveryAppln INFO -      Count Subscribers: 10
2023-02-11 16:05:46,228 - DiscoveryAppln INFO -      Count Publishers: 35
2023-02-11 16:05:46,228 - DiscoveryAppln INFO - DiscoveryMW::is_ready_reply: done replying to client is_ready request
2023-02-11 16:05:46,241 - DiscoveryAppln INFO - DiscoveryMW::handle_request:
2023-02-11 16:05:46,241 - DiscoveryAppln INFO -      Expected Subscribers: 10
2023-02-11 16:05:46,241 - DiscoveryAppln INFO -      Expected Publishers: 35
2023-02-11 16:05:46,241 - DiscoveryAppln INFO -      Count Subscribers: 10
2023-02-11 16:05:46,241 - DiscoveryAppln INFO -      Count Publishers: 35
2023-02-11 16:05:46,241 - DiscoveryAppln INFO - DiscoveryMW::is_ready_reply: done replying to client is_ready request
2023-02-11 16:05:46,295 - DiscoveryAppln INFO - DiscoveryMW::handle_request:
2023-02-11 16:05:46,295 - DiscoveryAppln INFO -      Expected Subscribers: 10
2023-02-11 16:05:46,295 - DiscoveryAppln INFO -      Expected Publishers: 35
2023-02-11 16:05:46,295 - DiscoveryAppln INFO -      Count Subscribers: 10
2023-02-11 16:05:46,295 - DiscoveryAppln INFO -      Count Publishers: 35
2023-02-11 16:05:46,296 - DiscoveryAppln INFO - DiscoveryMW::is_ready_reply: done replying to client is_ready request
2023-02-11 16:05:46,296 - DiscoveryAppln INFO - DiscoveryMW::handle_request:
2023-02-11 16:05:46,296 - DiscoveryAppln INFO -      Expected Subscribers: 10
2023-02-11 16:05:46,296 - DiscoveryAppln INFO -      Expected Publishers: 35
2023-02-11 16:05:46,296 - DiscoveryAppln INFO -      Count Subscribers: 10
2023-02-11 16:05:46,296 - DiscoveryAppln INFO -      Count Publishers: 35
2023-02-11 16:05:46,296 - DiscoveryAppln INFO - DiscoveryMW::is_ready_reply: done replying to client is_ready request
2023-02-11 16:05:46,296 - DiscoveryAppln INFO - DiscoveryMW::handle_request:
2023-02-11 16:05:46,296 - DiscoveryAppln INFO -      Expected Subscribers: 10
2023-02-11 16:05:46,296 - DiscoveryAppln INFO -      Expected Publishers: 35
2023-02-11 16:05:46,296 - DiscoveryAppln INFO -      Count Subscribers: 10
2023-02-11 16:05:46,296 - DiscoveryAppln INFO -      Count Publishers: 35
2023-02-11 16:05:46,296 - DiscoveryAppln INFO - DiscoveryMW::is_ready_reply: done replying to client is_ready request
2023-02-11 16:05:46,317 - DiscoveryAppln INFO - DiscoveryMW::handle_request:
2023-02-11 16:05:46,317 - DiscoveryAppln INFO -      Expected Subscribers: 10
2023-02-11 16:05:46,317 - DiscoveryAppln INFO -      Expected Publishers: 35
2023-02-11 16:05:46,317 - DiscoveryAppln INFO -      Count Subscribers: 10
2023-02-11 16:05:46,317 - DiscoveryAppln INFO -      Count Publishers: 35
2023-02-11 16:05:46,318 - DiscoveryAppln INFO - DiscoveryMW::is_ready_reply: done replying to client is_ready request
2023-02-11 16:05:46,336 - DiscoveryAppln INFO - DiscoveryMW::handle_request:
2023-02-11 16:05:46,336 - DiscoveryAppln INFO -      Expected Subscribers: 10
2023-02-11 16:05:46,336 - DiscoveryAppln INFO -      Expected Publishers: 35
2023-02-11 16:05:46,336 - DiscoveryAppln INFO -      Count Subscribers: 10
2023-02-11 16:05:46,336 - DiscoveryAppln INFO -      Count Publishers: 35
2023-02-11 16:05:46,336 - DiscoveryAppln INFO - DiscoveryMW::is_ready_reply: done replying to client is_ready request
2023-02-11 16:05:46,389 - DiscoveryAppln INFO - DiscoveryMW::handle_request:
2023-02-11 16:05:46,389 - DiscoveryAppln INFO -      Expected Subscribers: 10
2023-02-11 16:05:46,389 - DiscoveryAppln INFO -      Expected Publishers: 35
2023-02-11 16:05:46,389 - DiscoveryAppln INFO -      Count Subscribers: 10
2023-02-11 16:05:46,389 - DiscoveryAppln INFO -      Count Publishers: 35
2023-02-11 16:05:46,389 - DiscoveryAppln INFO - DiscoveryMW::is_ready_reply: done replying to client is_ready request
2023-02-11 16:05:46,390 - DiscoveryAppln INFO - DiscoveryMW::handle_request:
2023-02-11 16:05:46,390 - DiscoveryAppln INFO -      Expected Subscribers: 10
2023-02-11 16:05:46,390 - DiscoveryAppln INFO -      Expected Publishers: 35
2023-02-11 16:05:46,390 - DiscoveryAppln INFO -      Count Subscribers: 10
2023-02-11 16:05:46,390 - DiscoveryAppln INFO -      Count Publishers: 35
2023-02-11 16:05:46,390 - DiscoveryAppln INFO - DiscoveryMW::is_ready_reply: done replying to client is_ready request
2023-02-11 16:05:46,390 - DiscoveryAppln INFO - DiscoveryMW::handle_request:
2023-02-11 16:05:46,390 - DiscoveryAppln INFO -      Expected Subscribers: 10
2023-02-11 16:05:46,390 - DiscoveryAppln INFO -      Expected Publishers: 35
2023-02-11 16:05:46,390 - DiscoveryAppln INFO -      Count Subscribers: 10
2023-02-11 16:05:46,390 - DiscoveryAppln INFO -      Count Publishers: 35
2023-02-11 16:05:46,391 - DiscoveryAppln INFO - DiscoveryMW::is_ready_reply: done replying to client is_ready request
2023-02-11 16:05:46,407 - DiscoveryAppln INFO - DiscoveryMW::handle_request:
2023-02-11 16:05:46,407 - DiscoveryAppln INFO -      Expected Subscribers: 10
2023-02-11 16:05:46,407 - DiscoveryAppln INFO -      Expected Publishers: 35
2023-02-11 16:05:46,407 - DiscoveryAppln INFO -      Count Subscribers: 10
2023-02-11 16:05:46,408 - DiscoveryAppln INFO -      Count Publishers: 35
2023-02-11 16:05:46,408 - DiscoveryAppln INFO - DiscoveryMW::is_ready_reply: done replying to client is_ready request
2023-02-11 16:05:46,408 - DiscoveryAppln INFO - DiscoveryMW::handle_request:
2023-02-11 16:05:46,408 - DiscoveryAppln INFO -      Expected Subscribers: 10
2023-02-11 16:05:46,408 - DiscoveryAppln INFO -      Expected Publishers: 35
2023-02-11 16:05:46,408 - DiscoveryAppln INFO -      Count Subscribers: 10
2023-02-11 16:05:46,408 - DiscoveryAppln INFO -      Count Publishers: 35
2023-02-11 16:05:46,408 - DiscoveryAppln INFO - DiscoveryMW::is_ready_reply: done replying to client is_ready request
2023-02-11 16:05:46,409 - DiscoveryAppln INFO - DiscoveryMW::handle_request:
2023-02-11 16:05:46,409 - DiscoveryAppln INFO -      Expected Subscribers: 10
2023-02-11 16:05:46,409 - DiscoveryAppln INFO -      Expected Publishers: 35
2023-02-11 16:05:46,409 - DiscoveryAppln INFO -      Count Subscribers: 10
2023-02-11 16:05:46,409 - DiscoveryAppln INFO -      Count Publishers: 35
2023-02-11 16:05:46,409 - DiscoveryAppln INFO - DiscoveryMW::is_ready_reply: done replying to client is_ready request
2023-02-11 16:05:46,411 - DiscoveryAppln INFO - DiscoveryMW::handle_request:
2023-02-11 16:05:46,411 - DiscoveryAppln INFO -      Expected Subscribers: 10
2023-02-11 16:05:46,411 - DiscoveryAppln INFO -      Expected Publishers: 35
2023-02-11 16:05:46,411 - DiscoveryAppln INFO -      Count Subscribers: 10
2023-02-11 16:05:46,411 - DiscoveryAppln INFO -      Count Publishers: 35
2023-02-11 16:05:46,411 - DiscoveryAppln INFO - DiscoveryMW::is_ready_reply: done replying to client is_ready request
2023-02-11 16:05:46,411 - DiscoveryAppln INFO - DiscoveryMW::handle_request:
2023-02-11 16:05:46,411 - DiscoveryAppln INFO -      Expected Subscribers: 10
2023-02-11 16:05:46,411 - DiscoveryAppln INFO -      Expected Publishers: 35
2023-02-11 16:05:46,411 - DiscoveryAppln INFO -      Count Subscribers: 10
2023-02-11 16:05:46,411 - DiscoveryAppln INFO -      Count Publishers: 35
2023-02-11 16:05:46,411 - DiscoveryAppln INFO - DiscoveryMW::is_ready_reply: done replying to client is_ready request
2023-02-11 16:05:46,411 - DiscoveryAppln INFO - DiscoveryMW::handle_request:
2023-02-11 16:05:46,411 - DiscoveryAppln INFO -      Expected Subscribers: 10
2023-02-11 16:05:46,411 - DiscoveryAppln INFO -      Expected Publishers: 35
2023-02-11 16:05:46,411 - DiscoveryAppln INFO -      Count Subscribers: 10
2023-02-11 16:05:46,411 - DiscoveryAppln INFO -      Count Publishers: 35
2023-02-11 16:05:46,412 - DiscoveryAppln INFO - DiscoveryMW::is_ready_reply: done replying to client is_ready request
2023-02-11 16:05:46,433 - DiscoveryAppln INFO - DiscoveryMW::handle_request:
2023-02-11 16:05:46,433 - DiscoveryAppln INFO -      Expected Subscribers: 10
2023-02-11 16:05:46,433 - DiscoveryAppln INFO -      Expected Publishers: 35
2023-02-11 16:05:46,433 - DiscoveryAppln INFO -      Count Subscribers: 10
2023-02-11 16:05:46,434 - DiscoveryAppln INFO -      Count Publishers: 35
2023-02-11 16:05:46,434 - DiscoveryAppln INFO - DiscoveryMW::is_ready_reply: done replying to client is_ready request
2023-02-11 16:05:46,434 - DiscoveryAppln INFO - DiscoveryMW::handle_request:
2023-02-11 16:05:46,435 - DiscoveryAppln INFO -      Expected Subscribers: 10
2023-02-11 16:05:46,435 - DiscoveryAppln INFO -      Expected Publishers: 35
2023-02-11 16:05:46,435 - DiscoveryAppln INFO -      Count Subscribers: 10
2023-02-11 16:05:46,435 - DiscoveryAppln INFO -      Count Publishers: 35
2023-02-11 16:05:46,435 - DiscoveryAppln INFO - DiscoveryMW::is_ready_reply: done replying to client is_ready request
2023-02-11 16:05:46,448 - DiscoveryAppln INFO - DiscoveryMW::handle_request:
2023-02-11 16:05:46,448 - DiscoveryAppln INFO -      Expected Subscribers: 10
2023-02-11 16:05:46,448 - DiscoveryAppln INFO -      Expected Publishers: 35
2023-02-11 16:05:46,448 - DiscoveryAppln INFO -      Count Subscribers: 10
2023-02-11 16:05:46,448 - DiscoveryAppln INFO -      Count Publishers: 35
2023-02-11 16:05:46,448 - DiscoveryAppln INFO - DiscoveryMW::is_ready_reply: done replying to client is_ready request
2023-02-11 16:05:46,449 - DiscoveryAppln INFO - DiscoveryMW::handle_request:
2023-02-11 16:05:46,449 - DiscoveryAppln INFO -      Expected Subscribers: 10
2023-02-11 16:05:46,449 - DiscoveryAppln INFO -      Expected Publishers: 35
2023-02-11 16:05:46,449 - DiscoveryAppln INFO -      Count Subscribers: 10
2023-02-11 16:05:46,449 - DiscoveryAppln INFO -      Count Publishers: 35
2023-02-11 16:05:46,449 - DiscoveryAppln INFO - DiscoveryMW::is_ready_reply: done replying to client is_ready request
2023-02-11 16:05:46,459 - DiscoveryAppln INFO - DiscoveryMW::handle_request:
2023-02-11 16:05:46,459 - DiscoveryAppln INFO -      Expected Subscribers: 10
2023-02-11 16:05:46,459 - DiscoveryAppln INFO -      Expected Publishers: 35
2023-02-11 16:05:46,459 - DiscoveryAppln INFO -      Count Subscribers: 10
2023-02-11 16:05:46,459 - DiscoveryAppln INFO -      Count Publishers: 35
2023-02-11 16:05:46,459 - DiscoveryAppln INFO - DiscoveryMW::is_ready_reply: done replying to client is_ready request
2023-02-11 16:05:46,462 - DiscoveryAppln INFO - DiscoveryMW::handle_request:
2023-02-11 16:05:46,462 - DiscoveryAppln INFO -      Expected Subscribers: 10
2023-02-11 16:05:46,462 - DiscoveryAppln INFO -      Expected Publishers: 35
2023-02-11 16:05:46,462 - DiscoveryAppln INFO -      Count Subscribers: 10
2023-02-11 16:05:46,462 - DiscoveryAppln INFO -      Count Publishers: 35
2023-02-11 16:05:46,463 - DiscoveryAppln INFO - DiscoveryMW::is_ready_reply: done replying to client is_ready request
2023-02-11 16:05:46,463 - DiscoveryAppln INFO - DiscoveryMW::handle_request:
2023-02-11 16:05:46,463 - DiscoveryAppln INFO -      Expected Subscribers: 10
2023-02-11 16:05:46,463 - DiscoveryAppln INFO -      Expected Publishers: 35
2023-02-11 16:05:46,463 - DiscoveryAppln INFO -      Count Subscribers: 10
2023-02-11 16:05:46,463 - DiscoveryAppln INFO -      Count Publishers: 35
2023-02-11 16:05:46,463 - DiscoveryAppln INFO - DiscoveryMW::is_ready_reply: done replying to client is_ready request
2023-02-11 16:05:46,463 - DiscoveryAppln INFO - DiscoveryMW::handle_request:
2023-02-11 16:05:46,463 - DiscoveryAppln INFO -      Expected Subscribers: 10
2023-02-11 16:05:46,463 - DiscoveryAppln INFO -      Expected Publishers: 35
2023-02-11 16:05:46,463 - DiscoveryAppln INFO -      Count Subscribers: 10
2023-02-11 16:05:46,464 - DiscoveryAppln INFO -      Count Publishers: 35
2023-02-11 16:05:46,464 - DiscoveryAppln INFO - DiscoveryMW::is_ready_reply: done replying to client is_ready request
2023-02-11 16:05:46,464 - DiscoveryAppln INFO - DiscoveryMW::handle_request:
2023-02-11 16:05:46,464 - DiscoveryAppln INFO -      Expected Subscribers: 10
2023-02-11 16:05:46,464 - DiscoveryAppln INFO -      Expected Publishers: 35
2023-02-11 16:05:46,464 - DiscoveryAppln INFO -      Count Subscribers: 10
2023-02-11 16:05:46,464 - DiscoveryAppln INFO -      Count Publishers: 35
2023-02-11 16:05:46,464 - DiscoveryAppln INFO - DiscoveryMW::is_ready_reply: done replying to client is_ready request
2023-02-11 16:05:46,464 - DiscoveryAppln INFO - DiscoveryMW::handle_request:
2023-02-11 16:05:46,464 - DiscoveryAppln INFO -      Expected Subscribers: 10
2023-02-11 16:05:46,464 - DiscoveryAppln INFO -      Expected Publishers: 35
2023-02-11 16:05:46,464 - DiscoveryAppln INFO -      Count Subscribers: 10
2023-02-11 16:05:46,464 - DiscoveryAppln INFO -      Count Publishers: 35
2023-02-11 16:05:46,465 - DiscoveryAppln INFO - DiscoveryMW::is_ready_reply: done replying to client is_ready request
2023-02-11 16:05:46,465 - DiscoveryAppln INFO - DiscoveryMW::handle_request:
2023-02-11 16:05:46,465 - DiscoveryAppln INFO - DiscoveryAppln::lookup_pub_by_topic_reqest
2023-02-11 16:05:46,465 - DiscoveryAppln INFO - DiscoveryAppln::lookup_pub_by_topic_reqest - returning publist
2023-02-11 16:05:46,465 - DiscoveryAppln INFO - DiscoveryMW::lookup_reply: done replying to client lookup request
2023-02-11 16:05:46,465 - DiscoveryAppln INFO - DiscoveryMW::handle_request:
2023-02-11 16:05:46,465 - DiscoveryAppln INFO - DiscoveryAppln::lookup_pub_by_topic_reqest
2023-02-11 16:05:46,465 - DiscoveryAppln INFO - DiscoveryAppln::lookup_pub_by_topic_reqest - returning publist
2023-02-11 16:05:46,467 - DiscoveryAppln INFO - DiscoveryMW::lookup_reply: done replying to client lookup request
2023-02-11 16:05:46,467 - DiscoveryAppln INFO - DiscoveryMW::handle_request:
2023-02-11 16:05:46,467 - DiscoveryAppln INFO -      Expected Subscribers: 10
2023-02-11 16:05:46,468 - DiscoveryAppln INFO -      Expected Publishers: 35
2023-02-11 16:05:46,468 - DiscoveryAppln INFO -      Count Subscribers: 10
2023-02-11 16:05:46,468 - DiscoveryAppln INFO -      Count Publishers: 35
2023-02-11 16:05:46,468 - DiscoveryAppln INFO - DiscoveryMW::is_ready_reply: done replying to client is_ready request
2023-02-11 16:05:46,469 - DiscoveryAppln INFO - DiscoveryMW::handle_request:
2023-02-11 16:05:46,469 - DiscoveryAppln INFO - DiscoveryAppln::lookup_pub_by_topic_reqest
2023-02-11 16:05:46,469 - DiscoveryAppln INFO - DiscoveryAppln::lookup_pub_by_topic_reqest - returning publist
2023-02-11 16:05:46,469 - DiscoveryAppln INFO - DiscoveryMW::lookup_reply: done replying to client lookup request
2023-02-11 16:05:46,469 - DiscoveryAppln INFO - DiscoveryAppln::invoke_operation
2023-02-11 16:05:46,471 - DiscoveryAppln INFO - DiscoveryMW::handle_request:
2023-02-11 16:05:46,471 - DiscoveryAppln INFO -      Expected Subscribers: 10
2023-02-11 16:05:46,471 - DiscoveryAppln INFO -      Expected Publishers: 35
2023-02-11 16:05:46,471 - DiscoveryAppln INFO -      Count Subscribers: 10
2023-02-11 16:05:46,471 - DiscoveryAppln INFO -      Count Publishers: 35
2023-02-11 16:05:46,472 - DiscoveryAppln INFO - DiscoveryMW::is_ready_reply: done replying to client is_ready request
2023-02-11 16:05:46,472 - DiscoveryAppln INFO - DiscoveryMW::handle_request:
2023-02-11 16:05:46,472 - DiscoveryAppln INFO - DiscoveryAppln::lookup_pub_by_topic_reqest
2023-02-11 16:05:46,472 - DiscoveryAppln INFO - DiscoveryAppln::lookup_pub_by_topic_reqest - returning publist
2023-02-11 16:05:46,488 - DiscoveryAppln INFO - DiscoveryMW::lookup_reply: done replying to client lookup request
2023-02-11 16:05:46,488 - DiscoveryAppln INFO - DiscoveryMW::handle_request:
2023-02-11 16:05:46,488 - DiscoveryAppln INFO -      Expected Subscribers: 10
2023-02-11 16:05:46,488 - DiscoveryAppln INFO -      Expected Publishers: 35
2023-02-11 16:05:46,488 - DiscoveryAppln INFO -      Count Subscribers: 10
2023-02-11 16:05:46,488 - DiscoveryAppln INFO -      Count Publishers: 35
2023-02-11 16:05:46,488 - DiscoveryAppln INFO - DiscoveryMW::is_ready_reply: done replying to client is_ready request
2023-02-11 16:05:46,489 - DiscoveryAppln INFO - DiscoveryMW::handle_request:
2023-02-11 16:05:46,489 - DiscoveryAppln INFO -      Expected Subscribers: 10
2023-02-11 16:05:46,489 - DiscoveryAppln INFO -      Expected Publishers: 35
2023-02-11 16:05:46,489 - DiscoveryAppln INFO -      Count Subscribers: 10
2023-02-11 16:05:46,489 - DiscoveryAppln INFO -      Count Publishers: 35
2023-02-11 16:05:46,489 - DiscoveryAppln INFO - DiscoveryMW::is_ready_reply: done replying to client is_ready request
2023-02-11 16:05:46,489 - DiscoveryAppln INFO - DiscoveryMW::handle_request:
2023-02-11 16:05:46,489 - DiscoveryAppln INFO -      Expected Subscribers: 10
2023-02-11 16:05:46,489 - DiscoveryAppln INFO -      Expected Publishers: 35
2023-02-11 16:05:46,489 - DiscoveryAppln INFO -      Count Subscribers: 10
2023-02-11 16:05:46,489 - DiscoveryAppln INFO -      Count Publishers: 35
2023-02-11 16:05:46,489 - DiscoveryAppln INFO - DiscoveryMW::is_ready_reply: done replying to client is_ready request
2023-02-11 16:05:46,490 - DiscoveryAppln INFO - DiscoveryMW::handle_request:
2023-02-11 16:05:46,490 - DiscoveryAppln INFO -      Expected Subscribers: 10
2023-02-11 16:05:46,490 - DiscoveryAppln INFO -      Expected Publishers: 35
2023-02-11 16:05:46,490 - DiscoveryAppln INFO -      Count Subscribers: 10
2023-02-11 16:05:46,490 - DiscoveryAppln INFO -      Count Publishers: 35
2023-02-11 16:05:46,490 - DiscoveryAppln INFO - DiscoveryMW::is_ready_reply: done replying to client is_ready request
2023-02-11 16:05:46,490 - DiscoveryAppln INFO - DiscoveryMW::handle_request:
2023-02-11 16:05:46,490 - DiscoveryAppln INFO -      Expected Subscribers: 10
2023-02-11 16:05:46,490 - DiscoveryAppln INFO -      Expected Publishers: 35
2023-02-11 16:05:46,490 - DiscoveryAppln INFO -      Count Subscribers: 10
2023-02-11 16:05:46,490 - DiscoveryAppln INFO -      Count Publishers: 35
2023-02-11 16:05:46,490 - DiscoveryAppln INFO - DiscoveryMW::is_ready_reply: done replying to client is_ready request
2023-02-11 16:05:46,490 - DiscoveryAppln INFO - DiscoveryMW::handle_request:
2023-02-11 16:05:46,490 - DiscoveryAppln INFO -      Expected Subscribers: 10
2023-02-11 16:05:46,490 - DiscoveryAppln INFO -      Expected Publishers: 35
2023-02-11 16:05:46,490 - DiscoveryAppln INFO -      Count Subscribers: 10
2023-02-11 16:05:46,490 - DiscoveryAppln INFO -      Count Publishers: 35
2023-02-11 16:05:46,491 - DiscoveryAppln INFO - DiscoveryMW::is_ready_reply: done replying to client is_ready request
2023-02-11 16:05:46,491 - DiscoveryAppln INFO - DiscoveryMW::handle_request:
2023-02-11 16:05:46,491 - DiscoveryAppln INFO - DiscoveryAppln::lookup_pub_by_topic_reqest
2023-02-11 16:05:46,491 - DiscoveryAppln INFO - DiscoveryAppln::lookup_pub_by_topic_reqest - returning publist
2023-02-11 16:05:46,492 - DiscoveryAppln INFO - DiscoveryMW::lookup_reply: done replying to client lookup request
2023-02-11 16:05:46,492 - DiscoveryAppln INFO - DiscoveryAppln::invoke_operation
2023-02-11 16:05:46,492 - DiscoveryAppln INFO - DiscoveryMW::handle_request:
2023-02-11 16:05:46,492 - DiscoveryAppln INFO - DiscoveryAppln::lookup_pub_by_topic_reqest
2023-02-11 16:05:46,493 - DiscoveryAppln INFO - DiscoveryAppln::lookup_pub_by_topic_reqest - returning publist
2023-02-11 16:05:46,493 - DiscoveryAppln INFO - DiscoveryMW::lookup_reply: done replying to client lookup request
2023-02-11 16:05:46,493 - DiscoveryAppln INFO - DiscoveryMW::handle_request:
2023-02-11 16:05:46,493 - DiscoveryAppln INFO - DiscoveryAppln::lookup_pub_by_topic_reqest
2023-02-11 16:05:46,493 - DiscoveryAppln INFO - DiscoveryAppln::lookup_pub_by_topic_reqest - returning publist
2023-02-11 16:05:46,494 - DiscoveryAppln INFO - DiscoveryMW::lookup_reply: done replying to client lookup request
2023-02-11 16:05:46,494 - DiscoveryAppln INFO - DiscoveryAppln::invoke_operation
2023-02-11 16:05:46,500 - DiscoveryAppln INFO - DiscoveryMW::handle_request:
2023-02-11 16:05:46,500 - DiscoveryAppln INFO - DiscoveryAppln::lookup_pub_by_topic_reqest
2023-02-11 16:05:46,500 - DiscoveryAppln INFO - DiscoveryAppln::lookup_pub_by_topic_reqest - returning publist
2023-02-11 16:05:46,501 - DiscoveryAppln INFO - DiscoveryMW::lookup_reply: done replying to client lookup request
2023-02-11 16:05:46,501 - DiscoveryAppln INFO - DiscoveryAppln::invoke_operation
